<?xml version="1.0" encoding="UTF-8"?>
<testng-results ignored="0" total="2" passed="1" failed="1" skipped="0">
  <reporter-output>
  </reporter-output>
  <suite started-at="2024-05-27T19:34:02 EDT" name="Suite" finished-at="2024-05-27T19:34:15 EDT" duration-ms="12545">
    <groups>
    </groups>
    <test started-at="2024-05-27T19:34:02 EDT" name="Test" finished-at="2024-05-27T19:34:15 EDT" duration-ms="12545">
      <class name="frameWork_MeduimPart_Registrartin_Checkout.Register_Checkout_Test">
        <test-method is-config="true" signature="setup()[pri:0, instance:frameWork_MeduimPart_Registrartin_Checkout.Register_Checkout_Test@34a3d150]" started-at="2024-05-27T19:34:02 EDT" name="setup" finished-at="2024-05-27T19:34:05 EDT" duration-ms="3143" status="PASS">
          <reporter-output>
          </reporter-output>
        </test-method> <!-- setup -->
        <test-method signature="testSuccessfulRegistration()[pri:1, instance:frameWork_MeduimPart_Registrartin_Checkout.Register_Checkout_Test@34a3d150]" started-at="2024-05-27T19:34:05 EDT" name="testSuccessfulRegistration" finished-at="2024-05-27T19:34:07 EDT" duration-ms="1896" status="PASS">
          <reporter-output>
          </reporter-output>
        </test-method> <!-- testSuccessfulRegistration -->
        <test-method is-config="true" signature="tearDown()[pri:0, instance:frameWork_MeduimPart_Registrartin_Checkout.Register_Checkout_Test@34a3d150]" started-at="2024-05-27T19:34:07 EDT" name="tearDown" finished-at="2024-05-27T19:34:07 EDT" duration-ms="187" status="PASS">
          <reporter-output>
          </reporter-output>
        </test-method> <!-- tearDown -->
        <test-method is-config="true" signature="setup()[pri:0, instance:frameWork_MeduimPart_Registrartin_Checkout.Register_Checkout_Test@34a3d150]" started-at="2024-05-27T19:34:07 EDT" name="setup" finished-at="2024-05-27T19:34:10 EDT" duration-ms="2322" status="PASS">
          <reporter-output>
          </reporter-output>
        </test-method> <!-- setup -->
        <test-method signature="checkOut()[pri:2, instance:frameWork_MeduimPart_Registrartin_Checkout.Register_Checkout_Test@34a3d150]" started-at="2024-05-27T19:34:10 EDT" name="checkOut" finished-at="2024-05-27T19:34:15 EDT" duration-ms="4753" status="FAIL">
          <exception class="org.openqa.selenium.ElementNotInteractableException">
            <message>
              <![CDATA[element not interactable
  (Session info: chrome=125.0.6422.77)
Build info: version: '4.18.1', revision: 'b1d3319b48'
System info: os.name: 'Windows 11', os.arch: 'amd64', os.version: '10.0', java.version: '17.0.9'
Driver info: org.openqa.selenium.chrome.ChromeDriver
Command: [a9504401ea5d7d6ed35862f32b4b5ec1, clickElement {id=f.C4D4E90CB5EBFFEA4AC2B0CE37E8CD9E.d.4BCEA91C70BA9A682BD4AFF583B0236D.e.6234}]
Capabilities {acceptInsecureCerts: false, browserName: chrome, browserVersion: 125.0.6422.77, chrome: {chromedriverVersion: 125.0.6422.78 (14db42ec38ad..., userDataDir: C:\Users\User\AppData\Local...}, fedcm:accounts: true, goog:chromeOptions: {debuggerAddress: localhost:60197}, networkConnectionEnabled: false, pageLoadStrategy: normal, platformName: windows, proxy: Proxy(), se:cdp: ws://localhost:60197/devtoo..., se:cdpVersion: 125.0.6422.77, setWindowRect: true, strictFileInteractability: false, timeouts: {implicit: 0, pageLoad: 300000, script: 30000}, unhandledPromptBehavior: dismiss and notify, webauthn:extension:credBlob: true, webauthn:extension:largeBlob: true, webauthn:extension:minPinLength: true, webauthn:extension:prf: true, webauthn:virtualAuthenticators: true}
Element: [[ChromeDriver: chrome on windows (a9504401ea5d7d6ed35862f32b4b5ec1)] -> css selector: #billing-buttons-container [class='button-1 new-address-next-step-button']]
Session ID: a9504401ea5d7d6ed35862f32b4b5ec1]]>
            </message>
            <full-stacktrace>
              <![CDATA[org.openqa.selenium.ElementNotInteractableException: element not interactable
  (Session info: chrome=125.0.6422.77)
Build info: version: '4.18.1', revision: 'b1d3319b48'
System info: os.name: 'Windows 11', os.arch: 'amd64', os.version: '10.0', java.version: '17.0.9'
Driver info: org.openqa.selenium.chrome.ChromeDriver
Command: [a9504401ea5d7d6ed35862f32b4b5ec1, clickElement {id=f.C4D4E90CB5EBFFEA4AC2B0CE37E8CD9E.d.4BCEA91C70BA9A682BD4AFF583B0236D.e.6234}]
Capabilities {acceptInsecureCerts: false, browserName: chrome, browserVersion: 125.0.6422.77, chrome: {chromedriverVersion: 125.0.6422.78 (14db42ec38ad..., userDataDir: C:\Users\User\AppData\Local...}, fedcm:accounts: true, goog:chromeOptions: {debuggerAddress: localhost:60197}, networkConnectionEnabled: false, pageLoadStrategy: normal, platformName: windows, proxy: Proxy(), se:cdp: ws://localhost:60197/devtoo..., se:cdpVersion: 125.0.6422.77, setWindowRect: true, strictFileInteractability: false, timeouts: {implicit: 0, pageLoad: 300000, script: 30000}, unhandledPromptBehavior: dismiss and notify, webauthn:extension:credBlob: true, webauthn:extension:largeBlob: true, webauthn:extension:minPinLength: true, webauthn:extension:prf: true, webauthn:virtualAuthenticators: true}
Element: [[ChromeDriver: chrome on windows (a9504401ea5d7d6ed35862f32b4b5ec1)] -> css selector: #billing-buttons-container [class='button-1 new-address-next-step-button']]
Session ID: a9504401ea5d7d6ed35862f32b4b5ec1
at java.base/jdk.internal.reflect.NativeConstructorAccessorImpl.newInstance0(Native Method)
at java.base/jdk.internal.reflect.NativeConstructorAccessorImpl.newInstance(NativeConstructorAccessorImpl.java:77)
at java.base/jdk.internal.reflect.DelegatingConstructorAccessorImpl.newInstance(DelegatingConstructorAccessorImpl.java:45)
at java.base/java.lang.reflect.Constructor.newInstanceWithCaller(Constructor.java:499)
at java.base/java.lang.reflect.Constructor.newInstance(Constructor.java:480)
at org.openqa.selenium.remote.ErrorCodec.decode(ErrorCodec.java:167)
at org.openqa.selenium.remote.codec.w3c.W3CHttpResponseCodec.decode(W3CHttpResponseCodec.java:138)
at org.openqa.selenium.remote.codec.w3c.W3CHttpResponseCodec.decode(W3CHttpResponseCodec.java:50)
at org.openqa.selenium.remote.HttpCommandExecutor.execute(HttpCommandExecutor.java:190)
at org.openqa.selenium.remote.service.DriverCommandExecutor.invokeExecute(DriverCommandExecutor.java:216)
at org.openqa.selenium.remote.service.DriverCommandExecutor.execute(DriverCommandExecutor.java:174)
at org.openqa.selenium.remote.RemoteWebDriver.execute(RemoteWebDriver.java:519)
at org.openqa.selenium.remote.RemoteWebElement.execute(RemoteWebElement.java:223)
at org.openqa.selenium.remote.RemoteWebElement.click(RemoteWebElement.java:76)
at java.base/jdk.internal.reflect.NativeMethodAccessorImpl.invoke0(Native Method)
at java.base/jdk.internal.reflect.NativeMethodAccessorImpl.invoke(NativeMethodAccessorImpl.java:77)
at java.base/jdk.internal.reflect.DelegatingMethodAccessorImpl.invoke(DelegatingMethodAccessorImpl.java:43)
at java.base/java.lang.reflect.Method.invoke(Method.java:568)
at org.openqa.selenium.support.pagefactory.internal.LocatingElementHandler.invoke(LocatingElementHandler.java:51)
at jdk.proxy2/jdk.proxy2.$Proxy12.click(Unknown Source)
at frameWork_MeduimPart_Registrartin_Checkout.CheckoutPage.billingAddressContinueClick(CheckoutPage.java:133)
at frameWork_MeduimPart_Registrartin_Checkout.Register_Checkout_Test.checkOut(Register_Checkout_Test.java:53)
at java.base/jdk.internal.reflect.NativeMethodAccessorImpl.invoke0(Native Method)
at java.base/jdk.internal.reflect.NativeMethodAccessorImpl.invoke(NativeMethodAccessorImpl.java:77)
at java.base/jdk.internal.reflect.DelegatingMethodAccessorImpl.invoke(DelegatingMethodAccessorImpl.java:43)
at java.base/java.lang.reflect.Method.invoke(Method.java:568)
at org.testng.internal.invokers.MethodInvocationHelper.invokeMethod(MethodInvocationHelper.java:139)
at org.testng.internal.invokers.TestInvoker.invokeMethod(TestInvoker.java:664)
at org.testng.internal.invokers.TestInvoker.invokeTestMethod(TestInvoker.java:228)
at org.testng.internal.invokers.MethodRunner.runInSequence(MethodRunner.java:63)
at org.testng.internal.invokers.TestInvoker$MethodInvocationAgent.invoke(TestInvoker.java:961)
at org.testng.internal.invokers.TestInvoker.invokeTestMethods(TestInvoker.java:201)
at org.testng.internal.invokers.TestMethodWorker.invokeTestMethods(TestMethodWorker.java:148)
at org.testng.internal.invokers.TestMethodWorker.run(TestMethodWorker.java:128)
at java.base/java.util.ArrayList.forEach(ArrayList.java:1511)
at org.testng.TestRunner.privateRun(TestRunner.java:819)
at org.testng.TestRunner.run(TestRunner.java:619)
at org.testng.SuiteRunner.runTest(SuiteRunner.java:443)
at org.testng.SuiteRunner.runSequentially(SuiteRunner.java:437)
at org.testng.SuiteRunner.privateRun(SuiteRunner.java:397)
at org.testng.SuiteRunner.run(SuiteRunner.java:336)
at org.testng.SuiteRunnerWorker.runSuite(SuiteRunnerWorker.java:52)
at org.testng.SuiteRunnerWorker.run(SuiteRunnerWorker.java:95)
at org.testng.TestNG.runSuitesSequentially(TestNG.java:1301)
at org.testng.TestNG.runSuitesLocally(TestNG.java:1228)
at org.testng.TestNG.runSuites(TestNG.java:1134)
at org.testng.TestNG.run(TestNG.java:1101)
at org.testng.remote.AbstractRemoteTestNG.run(AbstractRemoteTestNG.java:115)
at org.testng.remote.RemoteTestNG.initAndRun(RemoteTestNG.java:293)
at org.testng.remote.RemoteTestNG.main(RemoteTestNG.java:91)
]]>
            </full-stacktrace>
          </exception> <!-- org.openqa.selenium.ElementNotInteractableException -->
          <reporter-output>
          </reporter-output>
        </test-method> <!-- checkOut -->
        <test-method is-config="true" signature="tearDown()[pri:0, instance:frameWork_MeduimPart_Registrartin_Checkout.Register_Checkout_Test@34a3d150]" started-at="2024-05-27T19:34:15 EDT" name="tearDown" finished-at="2024-05-27T19:34:15 EDT" duration-ms="177" status="PASS">
          <reporter-output>
          </reporter-output>
        </test-method> <!-- tearDown -->
      </class> <!-- frameWork_MeduimPart_Registrartin_Checkout.Register_Checkout_Test -->
    </test> <!-- Test -->
  </suite> <!-- Suite -->
</testng-results>
